Determining if files sys/ioctl.h exist failed with the following output:
Change Dir: D:/UserProjects/Joey/C++/RenderGL/cmake-build-debug/CMakeFiles/CMakeTmp

Run Build Command(s):D:/Program Files/CLion 2022.2.4/bin/ninja/win/ninja.exe cmTC_3601c && [1/2] Building C object CMakeFiles/cmTC_3601c.dir/HAVE_SYS_IOCTL_H.c.obj
FAILED: CMakeFiles/cmTC_3601c.dir/HAVE_SYS_IOCTL_H.c.obj 
"D:\Program Files\CLion 2022.2.4\bin\mingw\bin\gcc.exe"   -Wall -pedantic -o CMakeFiles/cmTC_3601c.dir/HAVE_SYS_IOCTL_H.c.obj -c D:/UserProjects/Joey/C++/RenderGL/cmake-build-debug/CMakeFiles/CheckIncludeFiles/HAVE_SYS_IOCTL_H.c
D:/UserProjects/Joey/C++/RenderGL/cmake-build-debug/CMakeFiles/CheckIncludeFiles/HAVE_SYS_IOCTL_H.c:2:10: fatal error: sys/ioctl.h: No such file or directory
    2 | #include <sys/ioctl.h>
      |          ^~~~~~~~~~~~~
compilation terminated.
ninja: build stopped: subcommand failed.


Source:
/* */
#include <sys/ioctl.h>


int main(void){return 0;}

Determining if files usbhid.h exist failed with the following output:
Change Dir: D:/UserProjects/Joey/C++/RenderGL/cmake-build-debug/CMakeFiles/CMakeTmp

Run Build Command(s):D:/Program Files/CLion 2022.2.4/bin/ninja/win/ninja.exe cmTC_6080e && [1/2] Building C object CMakeFiles/cmTC_6080e.dir/HAVE_USBHID_H.c.obj
FAILED: CMakeFiles/cmTC_6080e.dir/HAVE_USBHID_H.c.obj 
"D:\Program Files\CLion 2022.2.4\bin\mingw\bin\gcc.exe"   -Wall -pedantic -o CMakeFiles/cmTC_6080e.dir/HAVE_USBHID_H.c.obj -c D:/UserProjects/Joey/C++/RenderGL/cmake-build-debug/CMakeFiles/CheckIncludeFiles/HAVE_USBHID_H.c
D:/UserProjects/Joey/C++/RenderGL/cmake-build-debug/CMakeFiles/CheckIncludeFiles/HAVE_USBHID_H.c:2:10: fatal error: usbhid.h: No such file or directory
    2 | #include <usbhid.h>
      |          ^~~~~~~~~~
compilation terminated.
ninja: build stopped: subcommand failed.


Source:
/* */
#include <usbhid.h>


int main(void){return 0;}

Determining if the function XParseGeometry exists failed with the following output:
Change Dir: D:/UserProjects/Joey/C++/RenderGL/cmake-build-debug/CMakeFiles/CMakeTmp

Run Build Command(s):D:/Program Files/CLion 2022.2.4/bin/ninja/win/ninja.exe cmTC_55836 && [1/2] Building C object CMakeFiles/cmTC_55836.dir/CheckFunctionExists.c.obj
[2/2] Linking C executable cmTC_55836.exe
FAILED: cmTC_55836.exe 
cmd.exe /C "cd . && "D:\Program Files\CLion 2022.2.4\bin\mingw\bin\gcc.exe" -Wall -pedantic -DCHECK_FUNCTION_EXISTS=XParseGeometry  CMakeFiles/cmTC_55836.dir/CheckFunctionExists.c.obj -o cmTC_55836.exe -Wl,--out-implib,libcmTC_55836.dll.a -Wl,--major-image-version,0,--minor-image-version,0  -lkernel32 -luser32 -lgdi32 -lwinspool -lshell32 -lole32 -loleaut32 -luuid -lcomdlg32 -ladvapi32 && cd ."
D:\Program Files\CLion 2022.2.4\bin\mingw\bin/ld.exe: CMakeFiles/cmTC_55836.dir/CheckFunctionExists.c.obj:CheckFunctionExists.c:(.text+0x15): undefined reference to `XParseGeometry'
collect2.exe: error: ld returned 1 exit status
ninja: build stopped: subcommand failed.



